<?xml version="1.0" encoding="UTF-8"?>
<!-- Generated by org.testng.reporters.JUnitXMLReporter -->
<testsuite ignored="0" hostname="luminos-Mac-mini-2.local" failures="0" tests="3" name="Default test" time="29.307" errors="0" timestamp="2024-11-12T18:18:10 IST">
  <testcase classname="com.ci.runner.Runner" name="login" time="13.501"/>
  <testcase classname="com.ci.runner.Runner" name="createPost" time="12.674"/>
  <testcase classname="com.ci.runner.Runner" name="editPost" time="3.092"/>
</testsuite> <!-- Default test -->
