<?xml version="1.0" encoding="UTF-8"?>
<testng-results ignored="0" total="1" passed="1" failed="0" skipped="0">
  <reporter-output>
  </reporter-output>
  <suite started-at="2024-10-28T13:57:38 IST" name="Suite" finished-at="2024-10-28T13:57:38 IST" duration-ms="21">
    <groups>
    </groups>
    <test started-at="2024-10-28T13:57:38 IST" name="Test" finished-at="2024-10-28T13:57:38 IST" duration-ms="21">
      <class name="com.ci.runner.Runner">
        <test-method is-config="true" signature="runSetup()[pri:0, instance:com.ci.runner.Runner@75f9eccc]" started-at="2024-10-28T13:57:34 IST" name="runSetup" finished-at="2024-10-28T13:57:38 IST" duration-ms="4288" status="PASS">
          <reporter-output>
          </reporter-output>
        </test-method> <!-- runSetup -->
        <test-method signature="login()[pri:0, instance:com.ci.runner.Runner@75f9eccc]" started-at="2024-10-28T13:57:38 IST" name="login" finished-at="2024-10-28T13:57:38 IST" duration-ms="1" status="PASS">
          <reporter-output>
          </reporter-output>
        </test-method> <!-- login -->
      </class> <!-- com.ci.runner.Runner -->
    </test> <!-- Test -->
  </suite> <!-- Suite -->
</testng-results>
