<?xml version="1.0" encoding="UTF-8"?>
<testng-results ignored="0" total="3" passed="3" failed="0" skipped="0">
  <reporter-output>
    <line>
      <![CDATA[User Logged successfully]]>
    </line>
  </reporter-output>
  <suite started-at="2024-11-12T18:17:41 IST" name="Default suite" finished-at="2024-11-12T18:18:10 IST" duration-ms="29307">
    <groups>
    </groups>
    <test started-at="2024-11-12T18:17:41 IST" name="Default test" finished-at="2024-11-12T18:18:10 IST" duration-ms="29307">
      <class name="com.ci.runner.Runner">
        <test-method is-config="true" signature="runSetup()[pri:0, instance:com.ci.runner.Runner@7e07db1f]" started-at="2024-11-12T18:17:37 IST" name="runSetup" finished-at="2024-11-12T18:17:41 IST" duration-ms="3828" status="PASS">
          <reporter-output>
          </reporter-output>
        </test-method> <!-- runSetup -->
        <test-method signature="login()[pri:1, instance:com.ci.runner.Runner@7e07db1f]" started-at="2024-11-12T18:17:41 IST" name="login" description="Verify the login functionality with valid credentials" finished-at="2024-11-12T18:17:54 IST" duration-ms="13501" status="PASS">
          <reporter-output>
            <line>
              <![CDATA[User Logged successfully]]>
            </line>
          </reporter-output>
        </test-method> <!-- login -->
        <test-method signature="createPost(org.testng.ITestContext)[pri:2, instance:com.ci.runner.Runner@7e07db1f]" started-at="2024-11-12T18:17:54 IST" name="createPost" description="verify the functionality of create post feature" finished-at="2024-11-12T18:18:07 IST" duration-ms="12674" status="PASS">
          <params>
            <param index="0">
              <value>
                <![CDATA[org.testng.TestRunner@3e34ace1]]>
              </value>
            </param>
          </params>
          <reporter-output>
          </reporter-output>
        </test-method> <!-- createPost -->
        <test-method signature="editPost(org.testng.ITestContext)[pri:3, instance:com.ci.runner.Runner@7e07db1f]" started-at="2024-11-12T18:18:07 IST" name="editPost" description="verify the functionality of Edit post" finished-at="2024-11-12T18:18:10 IST" duration-ms="3092" status="PASS">
          <params>
            <param index="0">
              <value>
                <![CDATA[org.testng.TestRunner@3e34ace1]]>
              </value>
            </param>
          </params>
          <reporter-output>
          </reporter-output>
        </test-method> <!-- editPost -->
      </class> <!-- com.ci.runner.Runner -->
    </test> <!-- Default test -->
  </suite> <!-- Default suite -->
</testng-results>
