<?xml version="1.0" encoding="UTF-8"?>
<testng-results ignored="0" total="1" passed="1" failed="0" skipped="0">
  <reporter-output>
  </reporter-output>
  <suite started-at="2024-10-25T16:58:25 IST" name="Suite" finished-at="2024-10-25T16:58:25 IST" duration-ms="33">
    <groups>
    </groups>
    <test started-at="2024-10-25T16:58:25 IST" name="Test" finished-at="2024-10-25T16:58:25 IST" duration-ms="33">
      <class name="com.ci.runner.Runner">
        <test-method is-config="true" signature="runSetup()[pri:0, instance:com.ci.runner.Runner@2a798d51]" started-at="2024-10-25T16:58:09 IST" name="runSetup" finished-at="2024-10-25T16:58:25 IST" duration-ms="15773" status="PASS">
          <reporter-output>
          </reporter-output>
        </test-method> <!-- runSetup -->
        <test-method signature="login()[pri:0, instance:com.ci.runner.Runner@2a798d51]" started-at="2024-10-25T16:58:25 IST" name="login" finished-at="2024-10-25T16:58:25 IST" duration-ms="5" status="PASS">
          <reporter-output>
          </reporter-output>
        </test-method> <!-- login -->
      </class> <!-- com.ci.runner.Runner -->
    </test> <!-- Test -->
  </suite> <!-- Suite -->
</testng-results>
